Toolset	Type	Date	Summary
mat1.5.7.p4	Fixed	2019-09-16	Updated lib_derate_data to include flat_derate.tcl template stub to eliminate gen_collateral fails. Can be modified when CCB is ready to set their derate/POCV strategy. @dfa(lib_derate_data update) @toolset(mat1.5.7.p4) @toolset(mat1.5.9.p1) @public @tfs(https://tfs-fm-03.devtools.intel.com/tfs/Nexus/Nexus/_workitems?_a=edit&id=690)
mat1.5.9.p1	Fixed	2019-09-16	Updated lib_derate_data to include flat_derate.tcl template stub to eliminate gen_collateral fails. Can be modified when CCB is ready to set their derate/POCV strategy. @dfa(lib_derate_data update) @toolset(mat1.5.7.p4) @toolset(mat1.5.9.p1) @public @tfs(https://tfs-fm-03.devtools.intel.com/tfs/Nexus/Nexus/_workitems?_a=edit&id=690)
mat1.5.9.p1	Fixed	2019-09-16	Updated lib_attribute_data for all technologies to refresh DTDU and illegal cell lists. @dfa(lib_attributes_data refresh for DTDU and illegal cells, all techs) @toolset(mat1.5.9.p1) @toolset(mat1.5.7.p4) @public @tfs(https://tfs-fm-03.devtools.intel.com/tfs/Nexus/Nexus/_workitems?_a=edit&id=691)
mat1.5.7.p4	Fixed	2019-09-16	Updated lib_attribute_data for all technologies to refresh DTDU and illegal cell lists. @dfa(lib_attributes_data refresh for DTDU and illegal cells, all techs) @toolset(mat1.5.9.p1) @toolset(mat1.5.7.p4) @public @tfs(https://tfs-fm-03.devtools.intel.com/tfs/Nexus/Nexus/_workitems?_a=edit&id=691)
all	Improved	2019-09-08	Added $HOSTNAME to FEBE shell initialization to support gui interfaces. @dfa(febe gui support) @toolset(all) @public @hsd(https://hsdes.intel.com/appstore/article/#/1409606965)
all	Fixed	2019-09-08	Updated ideal repo finalized stdlib default foo container to be facet based. @dfa(ideal repo default update) @toolset(all)
mat1.5.9.p1	New	2019-09-08	Added 2 new febe stages for REBA flow, syn_dp and dp. @dfa(Activated REBA flow) @toolset(mat1.5.9.p1) @public @hsd(https://hsdes.intel.com/resource/1409535431)
mat1.5.9.p1	Fixed	2019-09-08	Upgraded review from 19.01.001 to 19.03.009 to resolve febe_config bug @isfast(review update for febe integration bug) @toolset(mat1.5.9.p1) @public @hsd(https://hsdes.intel.com/appstore/article/#/1406327746)
m1713f.p7	Improved	2019-09-04	Set default s14nm values for G_AON_BUFFER/G_AON_INVERTER to buffer AON signal @dfa(s14nm added defaults) @toolset(m1713f.p7) @public
mat1.4L.11	Improved	2019-09-04	Upgraded ctech/ctech_exp from c3v18ww37b to c3v18ww37e versions to intercept lintra waiver improvement. @dfa(Minor ctech enhancement) @toolset(mat1.4L.11) @public @hsd(https://hsdes.intel.com/resource/1607457536)
mat1.5.7.p4	Fixed	2019-09-04	Updated comments for sd_build upgrade to cover additional hsd for iPDS. @dfa(ipds bug fix) @toolset(mat1.5.7.p4) @toolset(mat1.5.3.p2) @public @hsd(https://hsdes.intel.com/appstore/article/#/1605366383)
mat1.5.3.p2	Fixed	2019-09-04	Updated comments for sd_build upgrade to cover additional hsd for iPDS. @dfa(ipds bug fix) @toolset(mat1.5.7.p4) @toolset(mat1.5.3.p2) @public @hsd(https://hsdes.intel.com/appstore/article/#/1605366383)
Unknown	Unknown	2019-09-04	Fixed some ctech waivers
mat1.4L.11.p2	New	2019-09-04	Initialized mat1.4L.11.p2 toolset. @dfa(adplp toolset patch) @toolset(mat1.4L.11.p2) @public
mat1.4L.11.p2	Improved	2019-09-04	Upgraded all p1273.1 configulate files to latest versions for ADPLP/Caliber. @dfa(p1273.1/ADPLP configulate) @toolset(mat1.4L.11.p2) @hsd(https://hsdes.intel.com/appstore/article/#/1409666155)
mat1.4L.11.p2	Improved	2019-09-02	Upgraded sd_build from 17.4.2.3 to 17.4.2.p21 to intercept several bug fixes and enable MCPBUF FDR exception generation to handle the IPs that uniquify lib_bb_buf usage. @dfa(MCPBUF FDR generation) @toolset(mat1.4L.11.p2) @public @hsd(https://hsdes.intel.com/resource/1409790962)
mat1.4L.11.p2	Fixed	2019-09-02	Applied correct 1.785v corner default for p1273.1 thick gate variant @dfa(p1273.1 dc gd fix) @toolset(mat1.4L.11.p2)
mat1.4L.11.p2	Fixed	2019-09-02	Turned off implicit supply creation by default to support UPF2.0 template used at time of toolset creation (backward compatability with new sd_build version). @dfa(dc default update) @toolset(mat1.4L.11.p2) @public
mat1.4L.11.p2	New	2019-09-02	Initialized mat1.4L.11.p2 toolset. @dfa(adplp toolset patch) @toolset(mat1.4L.11.p2) @public
Unknown	Fixed	2019-09-02	TsaContourData conflict merge
all	Fixed	2019-09-02	TDD passes, generated files commit. @dfa(tdd clean) @toolset(all)
mat1.5.9.p1	Fixed	2019-09-02	Upgraded rdt_sd_common_overrides from siphdk_mat15_19.33.00 to siphdk_mat15_19.36.00 to locally resolve TEST-120 issues during DC insert_dft @dfa(insert dft bug fix for ec0pp60) @toolset(mat1.5.9.p1) @public
mat1.5.3.p2	Improved	2019-09-02	Upgraded sd_build from 18.3.1.1 to 18.3.1.p5 to handle MCPBUF FDR exception generation to handle the IPs that have uniquified lib_bb_buf usage. @dfa(MCPBUF FDR generation) @toolset(mat1.5.3.p2) @public @hsd(https://hsdes.intel.com/resource/1409790962)
mat1.5.7.p4	Improved	2019-09-02	Upgraded sd_build from 18.3.1.p2 to 18.3.1.p5 to handle MCPBUF FDR exception generation to handle the IPs that have uniquified lib_bb_buf usage. @dfa(MCPBUF FDR generation) @toolset(mat1.5.7.p4) @public @hsd(https://hsdes.intel.com/resource/1409790962)
mat1.5.9.p1	Improved	2019-09-02	Enabled p1276.21/p1276.31 dn variant for mat1.5.9.p1. Zirconqa unit tests pass. @dfa(p1276 variant add) @toolset(mat1.5.9.p1)
all	Fixed	2019-09-02	TDD passes, generated files commit. @dfa(tdd clean) @toolset(all)
all	Fixed	2019-09-02	Updated run_simple_tdd_tests to only show failing tests in the passing summary. Before, only passing tests on m1713f were listed because that is the last tech with a done_testing() call. @dfa(test flow improvement) @toolset(all)
mat1.5.7.p3	Fixed	2019-09-02	Snapshot footer typo for mat1.5.7.p3. @dfa(snapshot call fix) @toolset(mat1.5.7.p3)
mat1.5.7.p4	Fixed	2019-09-02	Fixed typo in backend toolset for mat1.5.7.p4 dependency. @dfa(tdd fix) @toolset(mat1.5.7.p4)
mat1.5.3.p2	Fixed	2019-09-02	Fixed typo in mat1.5.3.p2 toolset dependency. @dfa(tdd fix) @toolset(mat1.5.3.p2)
mat1.5.9.p1	Improved	2019-09-02	Updated mat1.5.9.p1 backend configurations to QUAL3 stubs for sd_build, reba, and caliber updates. @dfa(be configuration update) @toolset(mat1.5.9.p1)
mat1.5.7.p4	New	2019-09-02	Initialized mat1.5.7.p4 toolset for sd_build update. @dfa(new toolset) @toolset(mat1.5.7.p4) @public
mat1.5.3.p2	New	2019-09-02	Initialized mat1.5.3.p2 toolset for sd_build update. @dfa(new toolset) @toolset(mat1.5.3.p2) @public
mat1.5.7.p3	Fixed	2019-09-02	Fixed typo where .beta was not removed from backend 1.5.7 toolset snapshot @dfa(snapshot bug fix) @toolset(mat1.5.7.p3)
m1713f.p7	Fixed	2019-09-02	Upgraded rdt_sd_common_overrides from siphdk_mat14_19.24.00 to siphdk_mat14_19.36.00 to resolve issue with additional link libs getting loaded in rdt interactive. @dfa(dc stage bug fix for link libs) @toolset(m1713f.p7) @public
m1713f.p7	Improved	2019-09-02	Upgraded sd_build from 16.4.3.p28 to 16.4.3.p30 for iPDS bug fix for LogicOnClockPath, dsync retention swap perf improvement @dfa(ADPS sd_build bug fixes) @toolset(m1713f.p7) @public
m1713f.p7	New	2019-09-02	Added m1713f.p7 toolset for ADPS/s14nm. @dfa(added m1713f.p7 toolset) @toolset(m1713f.p7) @public
Unknown	Unknown	2019-08-29	Fixed typo with variable name in IPToolDataExtras.pm
Unknown	Fixed	2019-08-16	Rolled back rdt version for all techs from 19.02.007 to 19.02.006 to resolve cant unset library_list issue (fails FV IP tests)
mat1.5.9.p1	Improved	2019-08-16	Removed ctech_stdlib_type mapping of ec0pp60 to ec0. Path calls to "cell_library" entry were returning incorrect values for DEFAULT_STDCELL_LIBRARY. Activated only as of mat1.5.9.p1 @dfa(ec0 to ec0pp60 update) @toolset(mat1.5.9.p1) @public
all	Fixed	2019-08-13	visaaudit/array_dft_audit odpath is not properly resolving $BLOCK inside of febe. @dfa(array_dft_audit and visaaudit settings) @toolset(all)
mat1.5.9.p1	Fixed	2019-08-13	Updated variable_setup.tcl syn template to support PDK unit testing in the DC unit test starting with 1.5.9.  @dfa(DC unit test update)  @toolset(mat1.5.9.p1)
mat1.5.9.p1	New	2019-08-13	Activated p1276.31 for MTL and GNR programs. Available variants are bn and cn. @dfa(p1276,31 technology activated) @toolset(mat1.5.9.p1) @public
Unknown	Fixed	2019-08-13	Test failures. Added p1273.1 xd and gd variants back into process registry. Removed p1276.x dn variant due to MW/FRAM and ldb misalignment.  Planning to reactivate before next version released.  @dfa(p1273.1 and p1276.x variant support) @toolsets(all)
mat1.5.9.p1	Fixed	2019-08-13	Upgraded p1276 .21 and .31 kits_7nm from 19.2.1.1 to 19.2.2.p6 to deactivate dependency on rlstech @ddi(rlstech removed as syn flow dependency) @toolset(mat1.5.9.p1)
mat1.5.9.p1	Improved	2019-08-13	Updated p1273.1 gd variant pv corner default to be common between refhdk and siphdk. Used refhdk default from newly merged pv_conditions_data. @dfa(p1273.1 gd corner default) @toolset(mat1.5.9.p1)
mat1.5.9.p1	Fixed	2019-08-13	Upgraded siphdk backend config rdt_sd_common_overrides from siphdk_mat15_19.25.00 to siphdk_mat15_19.33.00 to initialize G_PDK_SKEW early in syn flow. @dfa(rdt_sd_common_overrides update for hdk1.5.9) @toolset(mat1.5.9.p1) @public
mat1.5.9.p1	Fixed	2019-08-13	Upgraded siphdk backend config rdt from 19.01.01 to 19.02.007 to align with central HDK sd_build regressions. @dfa(rdt upgrade) @toolset(mat1.5.9.p1) @public
mat1.5.9.p1	Fixed	2019-08-13	Upgraded siphdk backend config sd_build from 19.2.1.1 to 19.2.2.p3 to support kits_7nm, iPDS 12.120a, and FDR bug fix. @dfa(sd_build upgrade) @toolset(mat1.5.9.p1) @hsd(https://hsdes.intel.com/resource/1605366383) @hsd(https://hsdes.intel.com/resource/1409790962) @public
mat1.5.9.p1	Fixed	2019-08-07	Downgraded kits_7nm version to capture fix related to G_MW_TECH_FILE setting.  Previous version did not have native fix for p1276.21. @dfa(kits_7nm downgrade) @toolset(mat1.5.9.p1) @public
mat1.5.9.p1	Fixed	2019-08-07	Updated proj_ft from 19.01.03 to 19.03.01 to resolve false fishtail passes under febe and fix issue with fishtail sdc generation @dfa(fishtail setup fix) @toolset(mat1.5.9.p1) @public @hsd(https://hsdes.intel.com/appstore/article/#/1409521405) @hsd(https://hsdes.intel.com/resource/1606875491)
mat1.5.9.p1	Fixed	2019-08-07	Unit test failure. Changed p1276.x default voltage from 550mV to 650mV to resolve failure. Will set up SIP CCB defaults when all tests pass. @dfa(pv_conditions_data p1276 default) @toolset(mat1.5.9.p1) @public
mat1.5.9.p1	Fixed	2019-08-07	Fixed siphdk pv_conditions_data for p1274.7 for dot_process typo. @dfa(pv_conditions_data p1274.7 fix) @toolset(mat1.5.9.p1)
mat1.5.9.p1	Fixed	2019-08-07	Fixed bug in siphdk lib_attribute_data for p1276.x where illegal cell list was incorrect name. @dfa(lib_attribute_data p1276 fix) @toolset(mat1.5.9.p1)
mat1.5.9.p1	Unknown	2019-08-07	Clarified existing backend config comments to be siphdk only @dfa(comments only) @toolset(mat1.5.9.p1)
all	Fixed	2019-08-07	Updated stdcell_rtl_lib generator to properly handle cases where "CTECH_" or "CTECH_EXP_" appears in the directory path. @dfa(stdcell_rtl_lib bug fix) @toolset(all) @public @hsd(https://hsdes.intel.com/appstore/article/#/1607100520)
all	Fixed	2019-08-07	Added p1276.31 support in new_repo_setup UPF cfg generator @dfa(updated new_repo_setup upf generator) @toolset(all)
all	Fixed	2019-08-07	#Fixed: Added default febe 1276.31 CTECH* BASELINE_VER initialization for p1276.31 @dfa(1276 febe initialization fix) @toolset(all)
mat1.5.9.p1	Fixed	2019-08-05	Resolved test failure from bug in lib_ver_data for p1274.7 p1274.13 p1276.21 p1276.31. hs and special libraries did not have lib_type set to base library family @dfa(lib_ver_data bug fix) @toolset(mat1.5.9.p1)
all	Fixed	2019-08-05	Updated blocksetup G_lappend feature to use lappend_var instead of lappend. @dfa(SetupMaker fix) @toolset(all) @public @hsd(https://hsdes.intel.com/resource/1409480745)
mat1.5.9.p1	Improved	2019-08-05	Added lib_settings_data override manifest to p1273.1 backend configuration. Native p1276.31 libraries are not available yet. @dfa(lib_settings_data manifest override for p1276.31) @toolset(mat1.5.9.p1) @public
Unknown	Unknown	2019-08-05	Merge branch 'master' of ssh://git-amr-2.devtools.intel.com:29418/dts_cds_fedv-tsa_master
mat1.5.9.p1	Improved	2019-08-05	Merged siphdk backend configulate settings with hdk1.5.11 baseline for easier siphdk vs refhdk audit. @dfa(merged configulate settings between sip and baseline) @toolset(mat1.5.9.p1)
mat1.5.9.p1	Fixed	2019-08-05	Upgraded kits_7nm version from 19.2.1.3 to 19.2.2.p5 to resolve issue with unset G_MW_TECH_FILE. @dfa(kits_7nm upgrade) @toolset(mat1.5.9.p1) @public
all	Improved	2019-08-05	Updated check_stdcell_verilog.pl to write error sheet to report xlsx.  Refactored POD and other minor items. @dfa(check_stdcell_verilog.pl xlsx improvement) @toolset(all)
all	Improved	2019-08-05	Added default febe finalized track pattern for p1276.x, all toolsets. Stubbed out placeholder for the g1m family.  @dfa(added p1276 track pattern) @toolset(all)
all	Improved	2019-08-05	Added default febe finalized track pattern for p1273.x, all toolsets.  @dfa(added p1273 track pattern) @toolset(all)
all	Improved	2019-08-05	Added default febe finalized track pattern for p1222.x, all toolsets.  @dfa(added p1222 track pattern) @toolset(all)
all	Improved	2019-07-28	Added p1276.31 to the CommonToolOVR_be_toolset.pm for create_new_toolset.pl. Additional comments added. @dfa(create_new_toolset.pm update) @toolset(all)
all	Improved	2019-07-28	Updated generated collateral. TDD clean. @dfa(updated generated collateral) @toolset(all)
m1713f.p6	Fixed	2019-07-28	TDD fix. Properly registered patches for m1713f.p6 and mat1.5.9.p1. @dfa(tdd test failure fix) @toolset(m1713f.p6) @toolset(mat1.5.9.p1)
mat1.5.9.p1	Fixed	2019-07-28	TDD fix. Properly registered patches for m1713f.p6 and mat1.5.9.p1. @dfa(tdd test failure fix) @toolset(m1713f.p6) @toolset(mat1.5.9.p1)
mat1.5.9.p1	New	2019-07-28	Activated p1276.31 technology for MTL and GNR. Backend configuration is based on mat1.5.9 p1276.21. Intention is to use hdk1.5.11 p1266.31 collateral. @dfa(activated p1276.31 technology) @toolset(mat1.5.9.p1) @public
mat1.5.9.p1	Improved	2019-07-28	Eliminated requirement of special hack to mix e05 and ec0pp60 families to support the ec0pp60glbclk libs. ec0pp60glbclk ldb no longer referenced in ctech_exp e05 family as of mat1.5.9.p1. @dfa(eliminated hack for e05) @toolset(mat1.5.9.p1) @public
mat1.5.9.p1	Improved	2019-07-28	Upgraded ctech_exp for p1274.13 from ctech_exp_c3v19ww19f_mat159p0_p1274d7_sip_sbx to ctech_exp_c3v19ww29f_mat159p1_p1274d13_sip_sbx. Adds support for ctech_exp function ctech_lib_msff_async_rst for p1274. Retired ctech_exp functions requiring ec0*glbclk* libraries. @dfa(ctech_exp upgrade for mat1.5.9.p1) @toolset(mat1.5.9.p1) @public @hsd(https://hsdes.intel.com/appstore/article/#/1409520931) @hsd(https://hsdes.intel.com/appstore/article/#/1409536822)
mat1.5.9.p1	Improved	2019-07-28	Upgraded ctech for p1274.13 from c3v19ww19f_mat159p0_p1274d13_sip_sbx to c3v19ww29d_mat159p1_p1274d13_sip_sbx.  No function changes, improved testing applied only. @dfa(ctech upgrade) @toolset(mat1.5.9.p1) @public
mat1.5.9.p1	Improved	2019-07-28	Upgraded ctech_exp for non-p1274.13 tech from ctech_exp_c3v19ww19f_mat159p0_p1274d7_sip_sbx to ctech_exp_c3v19ww29f_mat159p1_p1274d7_sip_sbx. Adds support for ctech_exp function ctech_lib_msff_async_rst for p1274. Retired ctech_exp functions requiring ec0*glbclk* libraries. @dfa(ctech_exp upgrade for mat1.5.9.p1) @toolset(mat1.5.9.p1) @public @hsd(https://hsdes.intel.com/appstore/article/#/1409520931) @hsd(https://hsdes.intel.com/appstore/article/#/1409536822)
mat1.5.9.p1	Improved	2019-07-28	Upgraded ctech for non-p1274.13 techs from c3v19ww19f_mat159p0_p1274d7_sip_sbx to c3v19ww29d_mat159p1_p1274d7_sip_sbx. Includes activation of ctech_lib_clk_gate_te_rst_ss for p1276. @dfa(ctech upgrade for p1276) @toolset(mat1.5.9.p1) @hsd(https://hsdes.intel.com/appstore/article/#/1409520985) @public
Unknown	Unknown	2019-07-26	Added waivers for specific older *.p0 toolsets with bad ctech_exp versions for p1222.  Fixed the ctech mappings check to allow for ctech versions determined by STDLIB_TYPE and/or VT_TYPE facets.
Unknown	Unknown	2019-07-26	Fixes for ctech TDD testing, including making ToolConfig_stub improvements detected during ctech, and some changes to cfg/* contents to make files compatible with being loaded in a pseudo-ToolConfig environment.  Some real issues fixed based on new ctech tests, and some still waived with TODO FIXME comments
Unknown	Unknown	2019-07-24	Fix for facet handling in new ctech basic mappings check
Unknown	Unknown	2019-07-24	Added new TDD (basic) test to catch when a toolset patch is not correctly registered and doesn't get a valid HDK_REL mapping
Unknown	Unknown	2019-07-19	Auto-merge
Unknown	Unknown	2019-07-19	New ctech tests for stdcells uncovered lots of issues.  Things in sip domain that are still broken can be seen in ctech tests by grepping for TODO FIXME.  Did not waive all the failures in cds domain
Unknown	Unknown	2019-07-18	Fixed typo in IPToolDataExtras when registering calling_file
Unknown	Unknown	2019-07-17	Fixed bug in TSA_BackupImplications.pm generation where other domains (FE and BE) was debug messages which should have been protected by CFG_DEBUG but were not
mat1.5.9.p1	New	2019-07-17	Added mat1.5.9.p1 toolset. @dfa(initialized new toolset) @toolset(mat1.5.9.p1) @public
Unknown	Unknown	2019-06-07	Added facet handling to TSA::ToolConfig_stub
Unknown	Unknown	2019-06-03	Merge branch 'master' of ssh://git-amr-2.devtools.intel.com:29418/dts_cds_fedv-tsa_master
Unknown	Unknown	2019-06-03	Fix in SetupMaker for no_link_dirs handling for newer ace_utils versions.  Fixes for ideal_repo enabling bman to run.  Added TDD-based TSA::ToolConfig_stub package and related tdd tests.