-I- check_stdcell_verilog.pl: Command: check_stdcell_verilog.pl --verilog-file-list stdcell.76p5_g1i_210h_50pp.list --ctech-dir-list ctech.76p5_g1i_210h_50pp.list --run-name 76p5_g1i_210h_50pp
-I- check_stdcell_verilog.pl: Start date: (Thu Aug 10 08:19:40 2023)
-I- check_stdcell_verilog.pl: Machine: scfb441908.zsc11.intel.com
-I- main::read_file_to_list: 13 items read from file->(stdcell.76p5_g1i_210h_50pp.list)
-I- main::quick_check_verilog_files: File->(lib765_g1i_210h_50pp_base_lvt_bmod.v) Definitions->(1653) Fullpath->(/p/hdk/cad/dp_contour/76p5/v0.5.0p2/lib765_g1i_210h_50pp_pdk050_r0v0p1_efv/base_lvt/verilog/lib765_g1i_210h_50pp_base_lvt_bmod.v)
-I- main::quick_check_verilog_files: File->(lib765_g1i_210h_50pp_clk_lvt_bmod.v) Definitions->(327) Fullpath->(/p/hdk/cad/dp_contour/76p5/v0.5.0p2/lib765_g1i_210h_50pp_pdk050_r0v0p1_efv/clk_lvt/verilog/lib765_g1i_210h_50pp_clk_lvt_bmod.v)
-I- main::quick_check_verilog_files: File->(lib765_g1i_210h_50pp_seq_lvt_bmod.v) Definitions->(531) Fullpath->(/p/hdk/cad/dp_contour/76p5/v0.5.0p2/lib765_g1i_210h_50pp_pdk050_r0v0p1_efv/seq_lvt/verilog/lib765_g1i_210h_50pp_seq_lvt_bmod.v)
-I- main::quick_check_verilog_files: File->(lib765_g1i_210h_50pp_base_svt_bmod.v) Definitions->(1653) Fullpath->(/p/hdk/cad/dp_contour/76p5/v0.5.0p2/lib765_g1i_210h_50pp_pdk050_r0v0p1_efv/base_svt/verilog/lib765_g1i_210h_50pp_base_svt_bmod.v)
-I- main::quick_check_verilog_files: File->(lib765_g1i_210h_50pp_clk_svt_bmod.v) Definitions->(327) Fullpath->(/p/hdk/cad/dp_contour/76p5/v0.5.0p2/lib765_g1i_210h_50pp_pdk050_r0v0p1_efv/clk_svt/verilog/lib765_g1i_210h_50pp_clk_svt_bmod.v)
-I- main::quick_check_verilog_files: File->(lib765_g1i_210h_50pp_seq_svt_bmod.v) Definitions->(531) Fullpath->(/p/hdk/cad/dp_contour/76p5/v0.5.0p2/lib765_g1i_210h_50pp_pdk050_r0v0p1_efv/seq_svt/verilog/lib765_g1i_210h_50pp_seq_svt_bmod.v)
-I- main::quick_check_verilog_files: File->(lib765_g1i_210h_50pp_dsibase_svt_bmod.v) Definitions->(333) Fullpath->(/p/hdk/cad/dp_contour/76p5/v0.5.0p2/lib765_g1i_210h_50pp_pdk050_r0v0p1_efv/dsibase_svt/verilog/lib765_g1i_210h_50pp_dsibase_svt_bmod.v)
-I- main::quick_check_verilog_files: File->(lib765_g1i_210h_50pp_spcl_svt_bmod.v) Definitions->(190) Fullpath->(/p/hdk/cad/dp_contour/76p5/v0.5.0p2/lib765_g1i_210h_50pp_pdk050_r0v0p1_efv/spcl_svt/verilog/lib765_g1i_210h_50pp_spcl_svt_bmod.v)
-I- main::quick_check_verilog_files: File->(lib765_g1i_210h_50pp_base_hvt_bmod.v) Definitions->(1653) Fullpath->(/p/hdk/cad/dp_contour/76p5/v0.5.0p2/lib765_g1i_210h_50pp_pdk050_r0v0p1_efv/base_hvt/verilog/lib765_g1i_210h_50pp_base_hvt_bmod.v)
-I- main::quick_check_verilog_files: File->(lib765_g1i_210h_50pp_seq_hvt_bmod.v) Definitions->(507) Fullpath->(/p/hdk/cad/dp_contour/76p5/v0.5.0p2/lib765_g1i_210h_50pp_pdk050_r0v0p1_efv/seq_hvt/verilog/lib765_g1i_210h_50pp_seq_hvt_bmod.v)
-I- main::quick_check_verilog_files: File->(lib765_g1i_210h_50pp_dsibase_hvt_bmod.v) Definitions->(333) Fullpath->(/p/hdk/cad/dp_contour/76p5/v0.5.0p2/lib765_g1i_210h_50pp_pdk050_r0v0p1_efv/dsibase_hvt/verilog/lib765_g1i_210h_50pp_dsibase_hvt_bmod.v)
-I- main::quick_check_verilog_files: File->(lib765_g1i_210h_50pp_pwm_hvt_bmod.v) Definitions->(258) Fullpath->(/p/hdk/cad/dp_contour/76p5/v0.5.0p2/lib765_g1i_210h_50pp_pdk050_r0v0p1_efv/pwm_hvt/verilog/lib765_g1i_210h_50pp_pwm_hvt_bmod.v)
-I- main::quick_check_verilog_files: File->(lib765_g1i_210h_50pp_spcl_hvt_bmod.v) Definitions->(190) Fullpath->(/p/hdk/cad/dp_contour/76p5/v0.5.0p2/lib765_g1i_210h_50pp_pdk050_r0v0p1_efv/spcl_hvt/verilog/lib765_g1i_210h_50pp_spcl_hvt_bmod.v)
-I- main::read_file_to_list: 5 items read from file->(ctech.76p5_g1i_210h_50pp.list)
-I- main::load_ctech_sv_files: Ctech modules found count->(41) dir->(1) dir->(/p/hdk/cad/dp_contour/76p5/v0.5.0p2/ctech_c4v21ww17a_hdk162_lib/c4v21ww17a_hdk162/g1i/source/lib765/g1i_210h_50pp/lvt)
-I- main::load_ctech_sv_files: Ctech modules found count->(41) dir->(2) dir->(/p/hdk/cad/dp_contour/76p5/v0.5.0p2/ctech_c4v21ww17a_hdk162_lib/c4v21ww17a_hdk162/g1i/source/lib765/g1i_210h_50pp/svt)
-I- main::load_ctech_sv_files: Ctech modules found count->(16) dir->(3) dir->(/p/hdk/cad/dp_contour/76p5/v0.5.0p2/ctech_c4v21ww17a_hdk162_lib/c4v21ww17a_hdk162/g1i/source/lib765/g1i_210h_50pp/hvt)
-I- main::load_ctech_sv_files: Ctech modules found count->(20) dir->(4) dir->(/p/hdk/cad/ctech/i3/ctech_exp_c4v23ww25/source/lib765/g1i_210h_50pp/svt)
-I- main::load_ctech_sv_files: Ctech modules found count->(20) dir->(5) dir->(/p/hdk/cad/ctech/i3/ctech_exp_c4v23ww25/source/lib765/g1i_210h_50pp/hvt)
-I- main::test_for_module_redefinitions: Test results: test->(test_for_redefinitions) errors->(0)
-I- main::test_for_unresolvable_stdcell_references: Test results: test->(test_for_unresolvable_stdcell_references) errors->(0)
-I- main::test_for_unresolvable_ctech_references: Test results: test->(test_for_unresolvable_ctech_references) errors->(0)
-I- main::write_xlsx: Excel workbook created: 76p5_g1i_210h_50pp.check_stdcell_verilog.xlsx
-I- main::write_xlsx: Data written to xlsx: worksheet->(stdcells) rowcount->(8486)
-I- main::write_xlsx: Data written to xlsx: worksheet->(ctech) rowcount->(167)
-I- main::write_xlsx: Data written to xlsx: worksheet->(referenced libraries) rowcount->(13)
-I- main::write_xlsx: Data written to xlsx: worksheet->(error) rowcount->(1) errorcount->(0)
-I- check_stdcell_verilog.pl: Finish date: (Thu Aug 10 08:19:42 2023)
-I- check_stdcell_verilog.pl: Elapsed time:  0 days,  0 hours,  0 minutes,  2 seconds
-I- check_stdcell_verilog.pl: check_stdcell_verilog.pl run complete
