-I- check_stdcell_verilog.pl: Command: check_stdcell_verilog.pl --verilog-file-list stdcell.76p5_g1m_240h_100pp.list --ctech-dir-list ctech.76p5_g1m_240h_100pp.list --run-name 76p5_g1m_240h_100pp
-I- check_stdcell_verilog.pl: Start date: (Sun Jul 30 01:27:16 2023)
-I- check_stdcell_verilog.pl: Machine: scce093104.zsc11.intel.com
-I- main::read_file_to_list: 4 items read from file->(stdcell.76p5_g1m_240h_100pp.list)
-I- main::quick_check_verilog_files: File->(lib765_g1m_240h_100pp_dsibase_tgulv_bmod.v) Definitions->(6) Fullpath->(/p/hdk/cad/dp_contour/76p5/v0.5.0p2/lib765_g1m_240h_100pp_pdk050_r0v0p1_efv/dsibase_tgulv/verilog/lib765_g1m_240h_100pp_dsibase_tgulv_bmod.v)
-I- main::quick_check_verilog_files: File->(lib765_g1m_240h_100pp_base_tgulv_bmod.v) Definitions->(60) Fullpath->(/p/hdk/cad/dp_contour/76p5/v0.5.0p2/lib765_g1m_240h_100pp_pdk050_r0v0p1_efv/base_tgulv/verilog/lib765_g1m_240h_100pp_base_tgulv_bmod.v)
-I- main::quick_check_verilog_files: File->(lib765_g1m_240h_100pp_seq_tgulv_bmod.v) Definitions->(18) Fullpath->(/p/hdk/cad/dp_contour/76p5/v0.5.0p2/lib765_g1m_240h_100pp_pdk050_r0v0p1_efv/seq_tgulv/verilog/lib765_g1m_240h_100pp_seq_tgulv_bmod.v)
-I- main::quick_check_verilog_files: File->(lib765_g1m_240h_100pp_clk_tgulv_bmod.v) Definitions->(12) Fullpath->(/p/hdk/cad/dp_contour/76p5/v0.5.0p2/lib765_g1m_240h_100pp_pdk050_r0v0p1_efv/clk_tgulv/verilog/lib765_g1m_240h_100pp_clk_tgulv_bmod.v)
-I- main::read_file_to_list: 2 items read from file->(ctech.76p5_g1m_240h_100pp.list)
-I- main::load_ctech_sv_files: Ctech modules found count->(13) dir->(1) dir->(/p/hdk/cad/dp_contour/76p5/v0.5.0p2/ctech_c4v21ww17a_hdk162_lib/c4v21ww17a_hdk162/g1mtg/source/lib765/g1m_240h_100pp/tgulv)
-I- main::load_ctech_sv_files: Ctech modules found count->(3) dir->(2) dir->(/p/hdk/cad/ctech/i3/ctech_exp_c4v23ww25/source/lib765/g1m_240h_100pp/tgulv)
-I- main::test_for_module_redefinitions: Test results: test->(test_for_redefinitions) errors->(0)
-I- main::test_for_unresolvable_stdcell_references: Test results: test->(test_for_unresolvable_stdcell_references) errors->(0)
-I- main::test_for_unresolvable_ctech_references: Test results: test->(test_for_unresolvable_ctech_references) errors->(0)
-I- main::write_xlsx: Excel workbook created: 76p5_g1m_240h_100pp.check_stdcell_verilog.xlsx
-I- main::write_xlsx: Data written to xlsx: worksheet->(stdcells) rowcount->(96)
-I- main::write_xlsx: Data written to xlsx: worksheet->(ctech) rowcount->(20)
-I- main::write_xlsx: Data written to xlsx: worksheet->(referenced libraries) rowcount->(4)
-I- main::write_xlsx: Data written to xlsx: worksheet->(error) rowcount->(1) errorcount->(0)
-I- check_stdcell_verilog.pl: Finish date: (Sun Jul 30 01:27:17 2023)
-I- check_stdcell_verilog.pl: Elapsed time:  0 days,  0 hours,  0 minutes,  1 seconds
-I- check_stdcell_verilog.pl: check_stdcell_verilog.pl run complete
