-I- check_stdcell_verilog.pl: Command: check_stdcell_verilog.pl --verilog-file-list s14nm.A9T.list --ctech-dir-list s14nm.ctech.A9T.list --run-name s14nm.A9T
-I- check_stdcell_verilog.pl: Start date: (Tue Apr 28 23:48:48 2020)
-I- check_stdcell_verilog.pl: Machine: fmci70428.fm.intel.com
-I- main::read_file_to_list: 38 items read from file->(s14nm.A9T.list)
-I- main::quick_check_verilog_files: File->(sc9mc_ln14lpc_base_lvt_c14.v) Definitions->(810) Fullpath->(/p/tech/s14nm/tech-prerelease/v1.3.0_pre.1/sc9mc_ln14lpc_base_lvt_c14_lib/DK-Common/MODEL/sc9mc_ln14lpc_base_lvt_c14.v)
-I- main::quick_check_verilog_files: File->(sc9mc_ln14lpc_base_lvt_c16.v) Definitions->(810) Fullpath->(/p/tech/s14nm/tech-prerelease/v1.3.0_pre.1/sc9mc_ln14lpc_base_lvt_c16_lib/DK-Common/MODEL/sc9mc_ln14lpc_base_lvt_c16.v)
-I- main::quick_check_verilog_files: File->(sc9mc_ln14lpc_base_rvt_c14.v) Definitions->(810) Fullpath->(/p/tech/s14nm/tech-prerelease/v1.3.0_pre.1/sc9mc_ln14lpc_base_rvt_c14_lib/DK-Common/MODEL/sc9mc_ln14lpc_base_rvt_c14.v)
-I- main::quick_check_verilog_files: File->(sc9mc_ln14lpc_base_rvt_c16.v) Definitions->(810) Fullpath->(/p/tech/s14nm/tech-prerelease/v1.3.0_pre.1/sc9mc_ln14lpc_base_rvt_c16_lib/DK-Common/MODEL/sc9mc_ln14lpc_base_rvt_c16.v)
-I- main::quick_check_verilog_files: File->(sc9mc_ln14lpc_base_slvt_c14.v) Definitions->(810) Fullpath->(/p/tech/s14nm/tech-prerelease/v1.3.0_pre.1/sc9mc_ln14lpc_base_slvt_c14_lib/DK-Common/MODEL/sc9mc_ln14lpc_base_slvt_c14.v)
-I- main::quick_check_verilog_files: File->(sc9mc_ln14lpc_cdk_lvt_c16.v) Definitions->(10) Fullpath->(/p/tech/s14nm/tech-prerelease/v1.3.0_pre.1/sc9mc_ln14lpc_cdk_lvt_c16_lib/DK-Common/MODEL/sc9mc_ln14lpc_cdk_lvt_c16.v)
-I- main::quick_check_verilog_files: File->(sc9mc_ln14lpc_chipid_rvt_c14.v) Definitions->(12) Fullpath->(/p/tech/s14nm/tech-prerelease/v1.3.0_pre.1/sc9mc_ln14lpc_chipid_rvt_c14_lib/DK-Common/MODEL/sc9mc_ln14lpc_chipid_rvt_c14.v)
-I- main::quick_check_verilog_files: File->(sc9mc_ln14lpc_clock_buffer_with_decap_lvt_c14.v) Definitions->(20) Fullpath->(/p/tech/s14nm/tech-prerelease/v1.3.0_pre.1/sc9mc_ln14lpc_clock_buffer_with_decap_lvt_c14_lib/DK-Common/MODEL/sc9mc_ln14lpc_clock_buffer_with_decap_lvt_c14.v)
-I- main::quick_check_verilog_files: File->(sc9mc_ln14lpc_clock_buffer_with_decap_lvt_c16.v) Definitions->(20) Fullpath->(/p/tech/s14nm/tech-prerelease/v1.3.0_pre.1/sc9mc_ln14lpc_clock_buffer_with_decap_lvt_c16_lib/DK-Common/MODEL/sc9mc_ln14lpc_clock_buffer_with_decap_lvt_c16.v)
-I- main::quick_check_verilog_files: File->(sc9mc_ln14lpc_clock_buffer_with_decap_rvt_c14.v) Definitions->(20) Fullpath->(/p/tech/s14nm/tech-prerelease/v1.3.0_pre.1/sc9mc_ln14lpc_clock_buffer_with_decap_rvt_c14_lib/DK-Common/MODEL/sc9mc_ln14lpc_clock_buffer_with_decap_rvt_c14.v)
-I- main::quick_check_verilog_files: File->(sc9mc_ln14lpc_clock_buffer_with_decap_rvt_c16.v) Definitions->(20) Fullpath->(/p/tech/s14nm/tech-prerelease/v1.3.0_pre.1/sc9mc_ln14lpc_clock_buffer_with_decap_rvt_c16_lib/DK-Common/MODEL/sc9mc_ln14lpc_clock_buffer_with_decap_rvt_c16.v)
-I- main::quick_check_verilog_files: File->(sc9mc_ln14lpc_clock_buffer_with_decap_slvt_c14.v) Definitions->(20) Fullpath->(/p/tech/s14nm/tech-prerelease/v1.3.0_pre.1/sc9mc_ln14lpc_clock_buffer_with_decap_slvt_c14_lib/DK-Common/MODEL/sc9mc_ln14lpc_clock_buffer_with_decap_slvt_c14.v)
-I- main::quick_check_verilog_files: File->(sc9mc_ln14lpc_decap_with_metal_cap_rvt_c16.v) Definitions->(0) Fullpath->(/p/tech/s14nm/tech-prerelease/v1.3.0_pre.1/sc9mc_ln14lpc_decap_with_metal_cap_rvt_c16_lib/DK-Common/MODEL/decap_with_metal_cap/sc9mc_ln14lpc_decap_with_metal_cap_rvt_c16.v)
-I- main::quick_check_verilog_files: File->(sc9mc_ln14lpc_eco_lvt_c14.v) Definitions->(104) Fullpath->(/p/tech/s14nm/tech-prerelease/v1.3.0_pre.1/sc9mc_ln14lpc_eco_lvt_c14_lib/DK-Common/MODEL/sc9mc_ln14lpc_eco_lvt_c14.v)
-I- main::quick_check_verilog_files: File->(sc9mc_ln14lpc_eco_lvt_c16.v) Definitions->(104) Fullpath->(/p/tech/s14nm/tech-prerelease/v1.3.0_pre.1/sc9mc_ln14lpc_eco_lvt_c16_lib/DK-Common/MODEL/sc9mc_ln14lpc_eco_lvt_c16.v)
-I- main::quick_check_verilog_files: File->(sc9mc_ln14lpc_eco_rvt_c14.v) Definitions->(104) Fullpath->(/p/tech/s14nm/tech-prerelease/v1.3.0_pre.1/sc9mc_ln14lpc_eco_rvt_c14_lib/DK-Common/MODEL/sc9mc_ln14lpc_eco_rvt_c14.v)
-I- main::quick_check_verilog_files: File->(sc9mc_ln14lpc_eco_rvt_c16.v) Definitions->(104) Fullpath->(/p/tech/s14nm/tech-prerelease/v1.3.0_pre.1/sc9mc_ln14lpc_eco_rvt_c16_lib/DK-Common/MODEL/sc9mc_ln14lpc_eco_rvt_c16.v)
-I- main::quick_check_verilog_files: File->(sc9mc_ln14lpc_eco_slvt_c14.v) Definitions->(104) Fullpath->(/p/tech/s14nm/tech-prerelease/v1.3.0_pre.1/sc9mc_ln14lpc_eco_slvt_c14_lib/DK-Common/MODEL/sc9mc_ln14lpc_eco_slvt_c14.v)
-I- main::quick_check_verilog_files: File->(sc9mc_ln14lpc_ispecial_lvt_c14_c16.v) Definitions->(84) Fullpath->(/p/tech/s14nm/tech-prerelease/v1.3.0_pre.1/sc9mc_ln14lpc_ispecial_lvt_c14_c16_lib/DK-Common/MODEL/sc9mc_ln14lpc_ispecial_lvt_c14_c16.v)
-I- main::quick_check_verilog_files: File->(sc9mc_ln14lpc_ispecial_lvt_c16.v) Definitions->(84) Fullpath->(/p/tech/s14nm/tech-prerelease/v1.3.0_pre.1/sc9mc_ln14lpc_ispecial_lvt_c16_lib/DK-Common/MODEL/sc9mc_ln14lpc_ispecial_lvt_c16.v)
-I- main::quick_check_verilog_files: File->(sc9mc_ln14lpc_ispecial_rvt_c14_c16.v) Definitions->(84) Fullpath->(/p/tech/s14nm/tech-prerelease/v1.3.0_pre.1/sc9mc_ln14lpc_ispecial_rvt_c14_c16_lib/DK-Common/MODEL/sc9mc_ln14lpc_ispecial_rvt_c14_c16.v)
-I- main::quick_check_verilog_files: File->(sc9mc_ln14lpc_ispecial_rvt_c16.v) Definitions->(84) Fullpath->(/p/tech/s14nm/tech-prerelease/v1.3.0_pre.1/sc9mc_ln14lpc_ispecial_rvt_c16_lib/DK-Common/MODEL/sc9mc_ln14lpc_ispecial_rvt_c16.v)
-I- main::quick_check_verilog_files: File->(sc9mc_ln14lpc_ispecial_slvt_lvt_c14_c16.v) Definitions->(84) Fullpath->(/p/tech/s14nm/tech-prerelease/v1.3.0_pre.1/sc9mc_ln14lpc_ispecial_slvt_lvt_c14_c16_lib/DK-Common/MODEL/sc9mc_ln14lpc_ispecial_slvt_lvt_c14_c16.v)
-I- main::quick_check_verilog_files: File->(sc9mc_ln14lpc_mbitff_lvt_c14.v) Definitions->(51) Fullpath->(/p/tech/s14nm/tech-prerelease/v1.3.0_pre.1/sc9mc_ln14lpc_mbitff_lvt_c14_lib/DK-Common/MODEL/sc9mc_ln14lpc_mbitff_lvt_c14.v)
-I- main::quick_check_verilog_files: File->(sc9mc_ln14lpc_mbitff_lvt_c16.v) Definitions->(51) Fullpath->(/p/tech/s14nm/tech-prerelease/v1.3.0_pre.1/sc9mc_ln14lpc_mbitff_lvt_c16_lib/DK-Common/MODEL/sc9mc_ln14lpc_mbitff_lvt_c16.v)
-I- main::quick_check_verilog_files: File->(sc9mc_ln14lpc_mbitff_rvt_c14.v) Definitions->(51) Fullpath->(/p/tech/s14nm/tech-prerelease/v1.3.0_pre.1/sc9mc_ln14lpc_mbitff_rvt_c14_lib/DK-Common/MODEL/sc9mc_ln14lpc_mbitff_rvt_c14.v)
-I- main::quick_check_verilog_files: File->(sc9mc_ln14lpc_mbitff_rvt_c16.v) Definitions->(51) Fullpath->(/p/tech/s14nm/tech-prerelease/v1.3.0_pre.1/sc9mc_ln14lpc_mbitff_rvt_c16_lib/DK-Common/MODEL/sc9mc_ln14lpc_mbitff_rvt_c16.v)
-I- main::quick_check_verilog_files: File->(sc9mc_ln14lpc_pmk_lvt_c14.v) Definitions->(190) Fullpath->(/p/tech/s14nm/tech-prerelease/v1.3.0_pre.1/sc9mc_ln14lpc_pmk_lvt_c14_lib/DK-Common/MODEL/sc9mc_ln14lpc_pmk_lvt_c14.v)
-I- main::quick_check_verilog_files: File->(sc9mc_ln14lpc_pmk_lvt_c16.v) Definitions->(190) Fullpath->(/p/tech/s14nm/tech-prerelease/v1.3.0_pre.1/sc9mc_ln14lpc_pmk_lvt_c16_lib/DK-Common/MODEL/sc9mc_ln14lpc_pmk_lvt_c16.v)
-I- main::quick_check_verilog_files: File->(sc9mc_ln14lpc_pmk_rvt_c14.v) Definitions->(190) Fullpath->(/p/tech/s14nm/tech-prerelease/v1.3.0_pre.1/sc9mc_ln14lpc_pmk_rvt_c14_lib/DK-Common/MODEL/sc9mc_ln14lpc_pmk_rvt_c14.v)
-I- main::quick_check_verilog_files: File->(sc9mc_ln14lpc_pmk_rvt_c16.v) Definitions->(190) Fullpath->(/p/tech/s14nm/tech-prerelease/v1.3.0_pre.1/sc9mc_ln14lpc_pmk_rvt_c16_lib/DK-Common/MODEL/sc9mc_ln14lpc_pmk_rvt_c16.v)
-I- main::quick_check_verilog_files: File->(sc9mc_ln14lpc_pmk_slvt_c14.v) Definitions->(190) Fullpath->(/p/tech/s14nm/tech-prerelease/v1.3.0_pre.1/sc9mc_ln14lpc_pmk_slvt_c14_lib/DK-Common/MODEL/sc9mc_ln14lpc_pmk_slvt_c14.v)
-I- main::quick_check_verilog_files: File->(sc9mc_ln14lpc_rklo_lvt_c14_c16.v) Definitions->(67) Fullpath->(/p/tech/s14nm/tech-prerelease/v1.3.0_pre.1/sc9mc_ln14lpc_rklo_lvt_c14_c16_lib/DK-Common/MODEL/sc9mc_ln14lpc_rklo_lvt_c14_c16.v)
-I- main::quick_check_verilog_files: File->(sc9mc_ln14lpc_rklo_rvt_c14_c16.v) Definitions->(67) Fullpath->(/p/tech/s14nm/tech-prerelease/v1.3.0_pre.1/sc9mc_ln14lpc_rklo_rvt_c14_c16_lib/DK-Common/MODEL/sc9mc_ln14lpc_rklo_rvt_c14_c16.v)
-I- main::quick_check_verilog_files: File->(sc9mc_ln14lpc_rklo_slvt_lvt_c14_c16.v) Definitions->(67) Fullpath->(/p/tech/s14nm/tech-prerelease/v1.3.0_pre.1/sc9mc_ln14lpc_rklo_slvt_lvt_c14_c16_lib/DK-Common/MODEL/sc9mc_ln14lpc_rklo_slvt_lvt_c14_c16.v)
-I- main::quick_check_verilog_files: File->(ss14lpc_levelshifter.v) Definitions->(10) Fullpath->(/p/tech/s14nm/tech-prerelease/v1.3.0_pre.1/ss14lpc_levelshifter_lib/DK-Common/MODEL/ss14lpc_levelshifter.v)
-I- main::quick_check_verilog_files: File->(ss14lpc_rtc.v) Definitions->(82) Fullpath->(/p/tech/s14nm/tech-prerelease/v1.3.0_pre.1/ss14lpc_rtc_lib/DK-Common/MODEL/ss14lpc_rtc.v)
-I- main::quick_check_verilog_files: File->(ss14lpc_rtclatch.v) Definitions->(3) Fullpath->(/p/tech/s14nm/tech-prerelease/v1.3.0_pre.1/ss14lpc_rtclatch_lib/DK-Common/MODEL/ss14lpc_rtclatch.v)
-I- main::read_file_to_list: 6 items read from file->(s14nm.ctech.A9T.list)
-I- main::load_ctech_sv_files: Ctech modules found count->(34) dir->(1) dir->(/p/hdk/cad/ctech/s14nm/c4v19ww40d_hdk162_mtps_v20ww16d/source/s14nm/A9T/lvt)
-I- main::load_ctech_sv_files: Ctech modules found count->(19) dir->(2) dir->(/p/hdk/cad/ctech/s14nm/ctech_exp_c4v20ww12e_hdk161_mtps_v20ww18b/source/s14nm/A9T/lvt)
-I- main::load_ctech_sv_files: Ctech modules found count->(34) dir->(3) dir->(/p/hdk/cad/ctech/s14nm/c4v19ww40d_hdk162_mtps_v20ww16d/source/s14nm/A9T/rvt)
-I- main::load_ctech_sv_files: Ctech modules found count->(19) dir->(4) dir->(/p/hdk/cad/ctech/s14nm/ctech_exp_c4v20ww12e_hdk161_mtps_v20ww18b/source/s14nm/A9T/rvt)
-I- main::load_ctech_sv_files: Ctech modules found count->(31) dir->(5) dir->(/p/hdk/cad/ctech/s14nm/c4v19ww40d_hdk162_mtps_v20ww16d/source/s14nm/A9T/rtc)
-I- main::load_ctech_sv_files: Ctech modules found count->(12) dir->(6) dir->(/p/hdk/cad/ctech/s14nm/ctech_exp_c4v20ww12e_hdk161_mtps_v20ww18b/source/s14nm/A9T/rtc)
-I- main::test_for_module_redefinitions: Test results: test->(test_for_redefinitions) errors->(0)
-I- main::test_for_unresolvable_stdcell_references: Test results: test->(test_for_unresolvable_stdcell_references) errors->(0)
-I- main::test_for_unresolvable_ctech_references: Test results: test->(test_for_unresolvable_ctech_references) errors->(0)
-I- main::write_xlsx: Excel workbook created: s14nm.A9T.check_stdcell_verilog.xlsx
-I- main::write_xlsx: Data written to xlsx: worksheet->(stdcells) rowcount->(6552)
-I- main::write_xlsx: Data written to xlsx: worksheet->(ctech) rowcount->(200)
-I- main::write_xlsx: Data written to xlsx: worksheet->(error) rowcount->(1) errorcount->(0)
-I- check_stdcell_verilog.pl: Finish date: (Tue Apr 28 23:48:49 2020)
-I- check_stdcell_verilog.pl: Elapsed time:  0 days,  0 hours,  0 minutes,  1 seconds
-I- check_stdcell_verilog.pl: check_stdcell_verilog.pl run complete
