-I- check_stdcell_verilog.pl: Command: check_stdcell_verilog.pl --verilog-file-list stdcell.n5.h210.list --ctech-dir-list ctech.n5.h210.list --verbose --run-name n5.h210
-I- check_stdcell_verilog.pl: Start date: (Sat Jun 11 02:01:52 2022)
-I- check_stdcell_verilog.pl: Machine: scc895020.zsc7.intel.com
-I- main::read_file_to_list: 36 items read from file->(stdcell.n5.h210.list)
-I- main::quick_check_verilog_files: File->(ts05nxqelogl06hdh051f.vm) Definitions->(1471) Fullpath->(/p/tech1/n5/tech-release/v1.2.5/ts05nxqelogl06hdh051f_lib/verilog/ts05nxqelogl06hdh051f.vm)
-I- main::quick_check_verilog_files: File->(ts05nxqelogl06hdl051f.vm) Definitions->(1424) Fullpath->(/p/tech1/n5/tech-release/v1.2.5/ts05nxqelogl06hdl051f_lib/verilog/ts05nxqelogl06hdl051f.vm)
-I- main::quick_check_verilog_files: File->(ts05nxqelogl06hdp051f.vm) Definitions->(536) Fullpath->(/p/tech1/n5/tech-release/v1.2.5/ts05nxqelogl06hdp051f_lib/verilog/ts05nxqelogl06hdp051f.vm)
-I- main::quick_check_verilog_files: File->(ts05nxqelogl06hsh057f.vm) Definitions->(1326) Fullpath->(/p/tech1/n5/tech-release/v1.2.5/ts05nxqelogl06hsh057f_lib/verilog/ts05nxqelogl06hsh057f.vm)
-I- main::quick_check_verilog_files: File->(ts05nxqelogl06hsl057f.vm) Definitions->(1400) Fullpath->(/p/tech1/n5/tech-release/v1.2.5/ts05nxqelogl06hsl057f_lib/verilog/ts05nxqelogl06hsl057f.vm)
-I- main::quick_check_verilog_files: File->(ts05nxqelogl06hsp057f.vm) Definitions->(536) Fullpath->(/p/tech1/n5/tech-release/v1.2.5/ts05nxqelogl06hsp057f_lib/verilog/ts05nxqelogl06hsp057f.vm)
-I- main::quick_check_verilog_files: File->(ts05nxqllogl06hdh051f.vm) Definitions->(1506) Fullpath->(/p/tech1/n5/tech-release/v1.2.5/ts05nxqllogl06hdh051f_lib/verilog/ts05nxqllogl06hdh051f.vm)
-I- main::quick_check_verilog_files: File->(ts05nxqllogl06hdl051f.vm) Definitions->(1450) Fullpath->(/p/tech1/n5/tech-release/v1.2.5/ts05nxqllogl06hdl051f_lib/verilog/ts05nxqllogl06hdl051f.vm)
-I- main::quick_check_verilog_files: File->(ts05nxqllogl06hdp051f.vm) Definitions->(542) Fullpath->(/p/tech1/n5/tech-release/v1.2.5/ts05nxqllogl06hdp051f_lib/verilog/ts05nxqllogl06hdp051f.vm)
-I- main::quick_check_verilog_files: File->(ts05nxqllogl06hsh057f.vm) Definitions->(1332) Fullpath->(/p/tech1/n5/tech-release/v1.2.5/ts05nxqllogl06hsh057f_lib/verilog/ts05nxqllogl06hsh057f.vm)
-I- main::quick_check_verilog_files: File->(ts05nxqllogl06hsl057f.vm) Definitions->(1426) Fullpath->(/p/tech1/n5/tech-release/v1.2.5/ts05nxqllogl06hsl057f_lib/verilog/ts05nxqllogl06hsl057f.vm)
-I- main::quick_check_verilog_files: File->(ts05nxqllogl06hsp057f.vm) Definitions->(542) Fullpath->(/p/tech1/n5/tech-release/v1.2.5/ts05nxqllogl06hsp057f_lib/verilog/ts05nxqllogl06hsp057f.vm)
-I- main::quick_check_verilog_files: File->(ts05nxqmlogl06hdh051f.vm) Definitions->(1505) Fullpath->(/p/tech1/n5/tech-release/v1.2.5/ts05nxqmlogl06hdh051f_lib/verilog/ts05nxqmlogl06hdh051f.vm)
-I- main::quick_check_verilog_files: File->(ts05nxqmlogl06hdl051f.vm) Definitions->(1450) Fullpath->(/p/tech1/n5/tech-release/v1.2.5/ts05nxqmlogl06hdl051f_lib/verilog/ts05nxqmlogl06hdl051f.vm)
-I- main::quick_check_verilog_files: File->(ts05nxqmlogl06hdp051f.vm) Definitions->(542) Fullpath->(/p/tech1/n5/tech-release/v1.2.5/ts05nxqmlogl06hdp051f_lib/verilog/ts05nxqmlogl06hdp051f.vm)
-I- main::quick_check_verilog_files: File->(ts05nxqmlogl06hsh057f.vm) Definitions->(1332) Fullpath->(/p/tech1/n5/tech-release/v1.2.5/ts05nxqmlogl06hsh057f_lib/verilog/ts05nxqmlogl06hsh057f.vm)
-I- main::quick_check_verilog_files: File->(ts05nxqmlogl06hsl057f.vm) Definitions->(1426) Fullpath->(/p/tech1/n5/tech-release/v1.2.5/ts05nxqmlogl06hsl057f_lib/verilog/ts05nxqmlogl06hsl057f.vm)
-I- main::quick_check_verilog_files: File->(ts05nxqmlogl06hsp057f.vm) Definitions->(542) Fullpath->(/p/tech1/n5/tech-release/v1.2.5/ts05nxqmlogl06hsp057f_lib/verilog/ts05nxqmlogl06hsp057f.vm)
-I- main::quick_check_verilog_files: File->(ts05nxqslogl06hdh051f.vm) Definitions->(1505) Fullpath->(/p/tech1/n5/tech-release/v1.2.5/ts05nxqslogl06hdh051f_lib/verilog/ts05nxqslogl06hdh051f.vm)
-I- main::quick_check_verilog_files: File->(ts05nxqslogl06hdl051f.vm) Definitions->(1450) Fullpath->(/p/tech1/n5/tech-release/v1.2.5/ts05nxqslogl06hdl051f_lib/verilog/ts05nxqslogl06hdl051f.vm)
-I- main::quick_check_verilog_files: File->(ts05nxqslogl06hdp051f.vm) Definitions->(542) Fullpath->(/p/tech1/n5/tech-release/v1.2.5/ts05nxqslogl06hdp051f_lib/verilog/ts05nxqslogl06hdp051f.vm)
-I- main::quick_check_verilog_files: File->(ts05nxqslogl06hsh057f.vm) Definitions->(1332) Fullpath->(/p/tech1/n5/tech-release/v1.2.5/ts05nxqslogl06hsh057f_lib/verilog/ts05nxqslogl06hsh057f.vm)
-I- main::quick_check_verilog_files: File->(ts05nxqslogl06hsl057f.vm) Definitions->(1426) Fullpath->(/p/tech1/n5/tech-release/v1.2.5/ts05nxqslogl06hsl057f_lib/verilog/ts05nxqslogl06hsl057f.vm)
-I- main::quick_check_verilog_files: File->(ts05nxqslogl06hsp057f.vm) Definitions->(542) Fullpath->(/p/tech1/n5/tech-release/v1.2.5/ts05nxqslogl06hsp057f_lib/verilog/ts05nxqslogl06hsp057f.vm)
-I- main::quick_check_verilog_files: File->(ts05nxqvlogl06hdh051f.vm) Definitions->(1471) Fullpath->(/p/tech1/n5/tech-release/v1.2.5/ts05nxqvlogl06hdh051f_lib/verilog/ts05nxqvlogl06hdh051f.vm)
-I- main::quick_check_verilog_files: File->(ts05nxqvlogl06hdl051f.vm) Definitions->(1424) Fullpath->(/p/tech1/n5/tech-release/v1.2.5/ts05nxqvlogl06hdl051f_lib/verilog/ts05nxqvlogl06hdl051f.vm)
-I- main::quick_check_verilog_files: File->(ts05nxqvlogl06hdp051f.vm) Definitions->(536) Fullpath->(/p/tech1/n5/tech-release/v1.2.5/ts05nxqvlogl06hdp051f_lib/verilog/ts05nxqvlogl06hdp051f.vm)
-I- main::quick_check_verilog_files: File->(ts05nxqvlogl06hsh057f.vm) Definitions->(1326) Fullpath->(/p/tech1/n5/tech-release/v1.2.5/ts05nxqvlogl06hsh057f_lib/verilog/ts05nxqvlogl06hsh057f.vm)
-I- main::quick_check_verilog_files: File->(ts05nxqvlogl06hsl057f.vm) Definitions->(1400) Fullpath->(/p/tech1/n5/tech-release/v1.2.5/ts05nxqvlogl06hsl057f_lib/verilog/ts05nxqvlogl06hsl057f.vm)
-I- main::quick_check_verilog_files: File->(ts05nxqvlogl06hsp057f.vm) Definitions->(536) Fullpath->(/p/tech1/n5/tech-release/v1.2.5/ts05nxqvlogl06hsp057f_lib/verilog/ts05nxqvlogl06hsp057f.vm)
-I- main::quick_check_verilog_files: File->(ts05nxqwlogl06hdh051f.vm) Definitions->(1506) Fullpath->(/p/tech1/n5/tech-release/v1.2.5/ts05nxqwlogl06hdh051f_lib/verilog/ts05nxqwlogl06hdh051f.vm)
-I- main::quick_check_verilog_files: File->(ts05nxqwlogl06hdl051f.vm) Definitions->(1450) Fullpath->(/p/tech1/n5/tech-release/v1.2.5/ts05nxqwlogl06hdl051f_lib/verilog/ts05nxqwlogl06hdl051f.vm)
-I- main::quick_check_verilog_files: File->(ts05nxqwlogl06hdp051f.vm) Definitions->(542) Fullpath->(/p/tech1/n5/tech-release/v1.2.5/ts05nxqwlogl06hdp051f_lib/verilog/ts05nxqwlogl06hdp051f.vm)
-I- main::quick_check_verilog_files: File->(ts05nxqwlogl06hsh057f.vm) Definitions->(1332) Fullpath->(/p/tech1/n5/tech-release/v1.2.5/ts05nxqwlogl06hsh057f_lib/verilog/ts05nxqwlogl06hsh057f.vm)
-I- main::quick_check_verilog_files: File->(ts05nxqwlogl06hsl057f.vm) Definitions->(1426) Fullpath->(/p/tech1/n5/tech-release/v1.2.5/ts05nxqwlogl06hsl057f_lib/verilog/ts05nxqwlogl06hsl057f.vm)
-I- main::quick_check_verilog_files: File->(ts05nxqwlogl06hsp057f.vm) Definitions->(542) Fullpath->(/p/tech1/n5/tech-release/v1.2.5/ts05nxqwlogl06hsp057f_lib/verilog/ts05nxqwlogl06hsp057f.vm)
-I- main::read_file_to_list: 2 items read from file->(ctech.n5.h210.list)
-I- main::load_ctech_sv_files: Ctech modules found count->(41) dir->(1) dir->(/p/tech1/n5/tech-release/v1.2.5/ctech_c4v21ww17a_hdk162_lib/c4v21ww17a_hdk162/source/n5/h210/lvt06)
-I- main::load_ctech_sv_files: Ctech modules found count->(9) dir->(2) dir->(/p/hdk/cad/ctech/n5/ctech_exp_c4v20ww43c_hdk162_mmg_rev1/source/n5/h210/lvt06)
-I- main::test_for_module_redefinitions: Test results: test->(test_for_redefinitions) errors->(0)
-I- main::test_for_unresolvable_stdcell_references: Test results: test->(test_for_unresolvable_stdcell_references) errors->(0)
-I- main::test_for_unresolvable_ctech_references: Test results: test->(test_for_unresolvable_ctech_references) errors->(0)
-I- main::write_xlsx: Excel workbook created: n5.h210.check_stdcell_verilog.xlsx
-I- main::write_xlsx: Data written to xlsx: worksheet->(stdcells) rowcount->(40576)
-I- main::write_xlsx: Data written to xlsx: worksheet->(ctech) rowcount->(62)
-I- main::write_xlsx: Data written to xlsx: worksheet->(referenced libraries) rowcount->(2)
-I- main::write_xlsx: Data written to xlsx: worksheet->(error) rowcount->(1) errorcount->(0)
-I- check_stdcell_verilog.pl: Finish date: (Sat Jun 11 02:01:55 2022)
-I- check_stdcell_verilog.pl: Elapsed time:  0 days,  0 hours,  0 minutes,  3 seconds
-I- check_stdcell_verilog.pl: check_stdcell_verilog.pl run complete
