-I- check_stdcell_verilog.pl: Command: check_stdcell_verilog.pl --verilog-file-list stdcell.n7.h240.list --ctech-dir-list ctech.n7.h240.list --verbose --run-name n7.h240
-I- check_stdcell_verilog.pl: Start date: (Wed Nov 10 19:34:32 2021)
-I- check_stdcell_verilog.pl: Machine: scff144304.zsc7.intel.com
-I- main::read_file_to_list: 35 items read from file->(stdcell.n7.h240.list)
-I- main::quick_check_verilog_files: File->(tcbn07_bwpfb1h480l11p57pd_base_lvt_c181015.v) Definitions->(61) Fullpath->(/p/tech/n7/tech-prerelease/v1.1.0_pre.5/tcbn07_bwpfb1h480l11p57pd_base_lvt_c181015_lib/verilog/tcbn07_bwpfb1h480l11p57pd_base_lvt_c181015_120a/tcbn07_bwpfb1h480l11p57pd_base_lvt_c181015.v)
-I- main::quick_check_verilog_files: File->(tcbn07_bwpfb1h480l11p57pd_base_lvt_c191206.v) Definitions->(81) Fullpath->(/p/tech/n7/tech-prerelease/v1.1.0_pre.5/tcbn07_bwpfb1h480l11p57pd_base_lvt_c191206_lib/verilog/tcbn07_bwpfb1h480l11p57pd_base_lvt_c191206_130c/tcbn07_bwpfb1h480l11p57pd_base_lvt_c191206.v)
-I- main::quick_check_verilog_files: File->(tcbn07_bwpfb1h480l11p57pd_base_svt_c181015.v) Definitions->(61) Fullpath->(/p/tech/n7/tech-prerelease/v1.1.0_pre.5/tcbn07_bwpfb1h480l11p57pd_base_svt_c181015_lib/verilog/tcbn07_bwpfb1h480l11p57pd_base_svt_c181015_120a/tcbn07_bwpfb1h480l11p57pd_base_svt_c181015.v)
-I- main::quick_check_verilog_files: File->(tcbn07_bwpfb1h480l11p57pd_base_svt_c191206.v) Definitions->(81) Fullpath->(/p/tech/n7/tech-prerelease/v1.1.0_pre.5/tcbn07_bwpfb1h480l11p57pd_base_svt_c191206_lib/verilog/tcbn07_bwpfb1h480l11p57pd_base_svt_c191206_130c/tcbn07_bwpfb1h480l11p57pd_base_svt_c191206.v)
-I- main::quick_check_verilog_files: File->(tcbn07_bwpfb1h480l11p57pd_lvl_lvt_c181015.v) Definitions->(6) Fullpath->(/p/tech/n7/tech-prerelease/v1.1.0_pre.5/tcbn07_bwpfb1h480l11p57pd_lvl_lvt_c181015_lib/verilog/tcbn07_bwpfb1h480l11p57pd_lvl_lvt_c181015_120a/tcbn07_bwpfb1h480l11p57pd_lvl_lvt_c181015.v)
-I- main::quick_check_verilog_files: File->(tcbn07_bwpfb1h480l11p57pd_lvl_svt_c181015.v) Definitions->(6) Fullpath->(/p/tech/n7/tech-prerelease/v1.1.0_pre.5/tcbn07_bwpfb1h480l11p57pd_lvl_svt_c181015_lib/verilog/tcbn07_bwpfb1h480l11p57pd_lvl_svt_c181015_120a/tcbn07_bwpfb1h480l11p57pd_lvl_svt_c181015.v)
-I- main::quick_check_verilog_files: File->(tcbn07_bwpfb1h480l8p57pd_base_lvt_c181015.v) Definitions->(61) Fullpath->(/p/tech/n7/tech-prerelease/v1.1.0_pre.5/tcbn07_bwpfb1h480l8p57pd_base_lvt_c181015_lib/verilog/tcbn07_bwpfb1h480l8p57pd_base_lvt_c181015_120a/tcbn07_bwpfb1h480l8p57pd_base_lvt_c181015.v)
-I- main::quick_check_verilog_files: File->(tcbn07_bwpfb1h480l8p57pd_base_lvt_c191206.v) Definitions->(81) Fullpath->(/p/tech/n7/tech-prerelease/v1.1.0_pre.5/tcbn07_bwpfb1h480l8p57pd_base_lvt_c191206_lib/verilog/tcbn07_bwpfb1h480l8p57pd_base_lvt_c191206_130c/tcbn07_bwpfb1h480l8p57pd_base_lvt_c191206.v)
-I- main::quick_check_verilog_files: File->(tcbn07_bwpfb1h480l8p57pd_base_svt_c181015.v) Definitions->(61) Fullpath->(/p/tech/n7/tech-prerelease/v1.1.0_pre.5/tcbn07_bwpfb1h480l8p57pd_base_svt_c181015_lib/verilog/tcbn07_bwpfb1h480l8p57pd_base_svt_c181015_120a/tcbn07_bwpfb1h480l8p57pd_base_svt_c181015.v)
-I- main::quick_check_verilog_files: File->(tcbn07_bwpfb1h480l8p57pd_base_svt_c191206.v) Definitions->(81) Fullpath->(/p/tech/n7/tech-prerelease/v1.1.0_pre.5/tcbn07_bwpfb1h480l8p57pd_base_svt_c191206_lib/verilog/tcbn07_bwpfb1h480l8p57pd_base_svt_c191206_130c/tcbn07_bwpfb1h480l8p57pd_base_svt_c191206.v)
-I- main::quick_check_verilog_files: File->(tcbn07_bwpfb1h480l8p57pd_lvl_lvt_c181015.v) Definitions->(6) Fullpath->(/p/tech/n7/tech-prerelease/v1.1.0_pre.5/tcbn07_bwpfb1h480l8p57pd_lvl_lvt_c181015_lib/verilog/tcbn07_bwpfb1h480l8p57pd_lvl_lvt_c181015_120a/tcbn07_bwpfb1h480l8p57pd_lvl_lvt_c181015.v)
-I- main::quick_check_verilog_files: File->(tcbn07_bwpfb1h480l8p57pd_lvl_svt_c181015.v) Definitions->(6) Fullpath->(/p/tech/n7/tech-prerelease/v1.1.0_pre.5/tcbn07_bwpfb1h480l8p57pd_lvl_svt_c181015_lib/verilog/tcbn07_bwpfb1h480l8p57pd_lvl_svt_c181015_120a/tcbn07_bwpfb1h480l8p57pd_lvl_svt_c181015.v)
-I- main::quick_check_verilog_files: File->(tcbn07_bwpfb1xah2880l135p229pd_base_svt_c180427.v) Definitions->(1) Fullpath->(/p/tech/n7/tech-prerelease/v1.1.0_pre.5/tcbn07_bwpfb1xah2880l135p229pd_base_svt_c180427_lib/verilog/tcbn07_bwpfb1xah2880l135p229pd_base_svt_c180427_100a/tcbn07_bwpfb1xah2880l135p229pd_base_svt_c180427.v)
-I- main::quick_check_verilog_files: File->(tcbn07_bwpfb1xah4800l240p334pd_lvl_lvt_c180427.v) Definitions->(6) Fullpath->(/p/tech/n7/tech-prerelease/v1.1.0_pre.5/tcbn07_bwpfb1xah4800l240p334pd_lvl_lvt_c180427_lib/verilog/tcbn07_bwpfb1xah4800l240p334pd_lvl_lvt_c180427_100a/tcbn07_bwpfb1xah4800l240p334pd_lvl_lvt_c180427.v)
-I- main::quick_check_verilog_files: File->(tcbn07_bwpfb1xbh4800l135p229pd_lvl_lvt_c180427.v) Definitions->(2) Fullpath->(/p/tech/n7/tech-prerelease/v1.1.0_pre.5/tcbn07_bwpfb1xbh4800l135p229pd_lvl_lvt_c180427_lib/verilog/tcbn07_bwpfb1xbh4800l135p229pd_lvl_lvt_c180427_100a/tcbn07_bwpfb1xbh4800l135p229pd_lvl_lvt_c180427.v)
-I- main::quick_check_verilog_files: File->(tcbn07_bwph240l11p57pd_base_lvt_c181016.v) Definitions->(1034) Fullpath->(/p/tech/n7/tech-prerelease/v1.1.0_pre.5/tcbn07_bwph240l11p57pd_base_lvt_c181016_lib/verilog/tcbn07_bwph240l11p57pd_base_lvt_c181016_120a/tcbn07_bwph240l11p57pd_base_lvt_c181016.v)
-I- main::quick_check_verilog_files: File->(tcbn07_bwph240l11p57pd_base_svt_c181016.v) Definitions->(1034) Fullpath->(/p/tech/n7/tech-prerelease/v1.1.0_pre.5/tcbn07_bwph240l11p57pd_base_svt_c181016_lib/verilog/tcbn07_bwph240l11p57pd_base_svt_c181016_120a/tcbn07_bwph240l11p57pd_base_svt_c181016.v)
-I- main::quick_check_verilog_files: File->(tcbn07_bwph240l11p57pd_lvl_lvt_c181016.v) Definitions->(27) Fullpath->(/p/tech/n7/tech-prerelease/v1.1.0_pre.5/tcbn07_bwph240l11p57pd_lvl_lvt_c181016_lib/verilog/tcbn07_bwph240l11p57pd_lvl_lvt_c181016_120a/tcbn07_bwph240l11p57pd_lvl_lvt_c181016.v)
-I- main::quick_check_verilog_files: File->(tcbn07_bwph240l11p57pd_lvl_svt_c181016.v) Definitions->(27) Fullpath->(/p/tech/n7/tech-prerelease/v1.1.0_pre.5/tcbn07_bwph240l11p57pd_lvl_svt_c181016_lib/verilog/tcbn07_bwph240l11p57pd_lvl_svt_c181016_120a/tcbn07_bwph240l11p57pd_lvl_svt_c181016.v)
-I- main::quick_check_verilog_files: File->(tcbn07_bwph240l11p57pd_mb_lvt_c181016.v) Definitions->(31) Fullpath->(/p/tech/n7/tech-prerelease/v1.1.0_pre.5/tcbn07_bwph240l11p57pd_mb_lvt_c181016_lib/verilog/tcbn07_bwph240l11p57pd_mb_lvt_c181016_120b/tcbn07_bwph240l11p57pd_mb_lvt_c181016.v)
-I- main::quick_check_verilog_files: File->(tcbn07_bwph240l11p57pd_mb_svt_c181016.v) Definitions->(31) Fullpath->(/p/tech/n7/tech-prerelease/v1.1.0_pre.5/tcbn07_bwph240l11p57pd_mb_svt_c181016_lib/verilog/tcbn07_bwph240l11p57pd_mb_svt_c181016_120b/tcbn07_bwph240l11p57pd_mb_svt_c181016.v)
-I- main::quick_check_verilog_files: File->(tcbn07_bwph240l11p57pd_pm_lvt_c181015.v) Definitions->(13) Fullpath->(/p/tech/n7/tech-prerelease/v1.1.0_pre.5/tcbn07_bwph240l11p57pd_pm_lvt_c181015_lib/verilog/tcbn07_bwph240l11p57pd_pm_lvt_c181015_120a/tcbn07_bwph240l11p57pd_pm_lvt_c181015.v)
-I- main::quick_check_verilog_files: File->(tcbn07_bwph240l11p57pd_pm_lvt_c181016.v) Definitions->(46) Fullpath->(/p/tech/n7/tech-prerelease/v1.1.0_pre.5/tcbn07_bwph240l11p57pd_pm_lvt_c181016_lib/verilog/tcbn07_bwph240l11p57pd_pm_lvt_c181016_120a/tcbn07_bwph240l11p57pd_pm_lvt_c181016.v)
-I- main::quick_check_verilog_files: File->(tcbn07_bwph240l11p57pd_pm_svt_c181015.v) Definitions->(13) Fullpath->(/p/tech/n7/tech-prerelease/v1.1.0_pre.5/tcbn07_bwph240l11p57pd_pm_svt_c181015_lib/verilog/tcbn07_bwph240l11p57pd_pm_svt_c181015_120a/tcbn07_bwph240l11p57pd_pm_svt_c181015.v)
-I- main::quick_check_verilog_files: File->(tcbn07_bwph240l11p57pd_pm_svt_c181016.v) Definitions->(46) Fullpath->(/p/tech/n7/tech-prerelease/v1.1.0_pre.5/tcbn07_bwph240l11p57pd_pm_svt_c181016_lib/verilog/tcbn07_bwph240l11p57pd_pm_svt_c181016_120a/tcbn07_bwph240l11p57pd_pm_svt_c181016.v)
-I- main::quick_check_verilog_files: File->(tcbn07_bwph240l11p57pd_pm_svt_c181026.v) Definitions->(4) Fullpath->(/p/tech/n7/tech-prerelease/v1.1.0_pre.5/tcbn07_bwph240l11p57pd_pm_svt_c181026_lib/verilog/tcbn07_bwph240l11p57pd_pm_svt_c181026_120a/tcbn07_bwph240l11p57pd_pm_svt_c181026.v)
-I- main::quick_check_verilog_files: File->(tcbn07_bwph240l8p57pd_base_lvt_c181015.v) Definitions->(16) Fullpath->(/p/tech/n7/tech-prerelease/v1.1.0_pre.5/tcbn07_bwph240l8p57pd_base_lvt_c181015_lib/verilog/tcbn07_bwph240l8p57pd_base_lvt_c181015_120a/tcbn07_bwph240l8p57pd_base_lvt_c181015.v)
-I- main::quick_check_verilog_files: File->(tcbn07_bwph240l8p57pd_base_lvt_c181016.v) Definitions->(1034) Fullpath->(/p/tech/n7/tech-prerelease/v1.1.0_pre.5/tcbn07_bwph240l8p57pd_base_lvt_c181016_lib/verilog/tcbn07_bwph240l8p57pd_base_lvt_c181016_120a/tcbn07_bwph240l8p57pd_base_lvt_c181016.v)
-I- main::quick_check_verilog_files: File->(tcbn07_bwph240l8p57pd_base_svt_c181016.v) Definitions->(1034) Fullpath->(/p/tech/n7/tech-prerelease/v1.1.0_pre.5/tcbn07_bwph240l8p57pd_base_svt_c181016_lib/verilog/tcbn07_bwph240l8p57pd_base_svt_c181016_120a/tcbn07_bwph240l8p57pd_base_svt_c181016.v)
-I- main::quick_check_verilog_files: File->(tcbn07_bwph240l8p57pd_mb_lvt_c181016.v) Definitions->(31) Fullpath->(/p/tech/n7/tech-prerelease/v1.1.0_pre.5/tcbn07_bwph240l8p57pd_mb_lvt_c181016_lib/verilog/tcbn07_bwph240l8p57pd_mb_lvt_c181016_120b/tcbn07_bwph240l8p57pd_mb_lvt_c181016.v)
-I- main::quick_check_verilog_files: File->(tcbn07_bwph240l8p57pd_mb_svt_c181016.v) Definitions->(31) Fullpath->(/p/tech/n7/tech-prerelease/v1.1.0_pre.5/tcbn07_bwph240l8p57pd_mb_svt_c181016_lib/verilog/tcbn07_bwph240l8p57pd_mb_svt_c181016_120b/tcbn07_bwph240l8p57pd_mb_svt_c181016.v)
-I- main::quick_check_verilog_files: File->(tcbn07_bwph240l8p57pd_pm2_lvt_c181015.v) Definitions->(4) Fullpath->(/p/tech/n7/tech-prerelease/v1.1.0_pre.5/tcbn07_bwph240l8p57pd_pm2_lvt_c181015_lib/verilog/tcbn07_bwph240l8p57pd_pm2_lvt_c181015_120b/tcbn07_bwph240l8p57pd_pm2_lvt_c181015.v)
-I- main::quick_check_verilog_files: File->(tcbn07_bwph240l8p57pd_pm_lvt_c181015.v) Definitions->(13) Fullpath->(/p/tech/n7/tech-prerelease/v1.1.0_pre.5/tcbn07_bwph240l8p57pd_pm_lvt_c181015_lib/verilog/tcbn07_bwph240l8p57pd_pm_lvt_c181015_120a/tcbn07_bwph240l8p57pd_pm_lvt_c181015.v)
-I- main::quick_check_verilog_files: File->(tcbn07_bwph240l8p57pd_pm_svt_c181015.v) Definitions->(13) Fullpath->(/p/tech/n7/tech-prerelease/v1.1.0_pre.5/tcbn07_bwph240l8p57pd_pm_svt_c181015_lib/verilog/tcbn07_bwph240l8p57pd_pm_svt_c181015_120a/tcbn07_bwph240l8p57pd_pm_svt_c181015.v)
-I- main::quick_check_verilog_files: File->(tcbn07_bwph240l8p57pd_syn_lvt_c181015.v) Definitions->(7) Fullpath->(/p/tech/n7/tech-prerelease/v1.1.0_pre.5/tcbn07_bwph240l8p57pd_syn_lvt_c181015_lib/verilog/tcbn07_bwph240l8p57pd_syn_lvt_c181015_120a/tcbn07_bwph240l8p57pd_syn_lvt_c181015.v)
-I- main::read_file_to_list: 4 items read from file->(ctech.n7.h240.list)
-I- main::load_ctech_sv_files: Ctech modules found count->(41) dir->(1) dir->(/p/tech/n7/tech-prerelease/v1.1.0_pre.5/ctech_c4v19ww40d_hdk162_lib/c4v19ww40d_hdk162/source/n7/h240/lvt8)
-I- main::load_ctech_sv_files: Ctech modules found count->(40) dir->(2) dir->(/p/hdk/cad/ctech/n7/ctech_exp_c4v20ww12e_hdk161_mtls_sip_sbx/source/n7/h240/lvt8)
-I- main::load_ctech_sv_files: Ctech modules found count->(31) dir->(3) dir->(/p/tech/n7/tech-prerelease/v1.1.0_pre.5/ctech_c4v19ww40d_hdk162_lib/c4v19ww40d_hdk162/source/n7/h240/svt8)
-I- main::load_ctech_sv_files: Ctech modules found count->(40) dir->(4) dir->(/p/hdk/cad/ctech/n7/ctech_exp_c4v20ww12e_hdk161_mtls_sip_sbx/source/n7/h240/svt8)
-E- main::test_for_module_redefinitions: Cell has multiple definitions: cell->(tsmc_dff) v_files->(tcbn07_bwpfb1h480l11p57pd_base_lvt_c181015.v;tcbn07_bwpfb1h480l11p57pd_base_lvt_c191206.v;tcbn07_bwpfb1h480l11p57pd_base_svt_c181015.v;tcbn07_bwpfb1h480l11p57pd_base_svt_c191206.v;tcbn07_bwpfb1h480l8p57pd_base_lvt_c181015.v;tcbn07_bwpfb1h480l8p57pd_base_lvt_c191206.v;tcbn07_bwpfb1h480l8p57pd_base_svt_c181015.v;tcbn07_bwpfb1h480l8p57pd_base_svt_c191206.v;tcbn07_bwph240l11p57pd_base_lvt_c181016.v;tcbn07_bwph240l11p57pd_base_svt_c181016.v;tcbn07_bwph240l11p57pd_pm_lvt_c181016.v;tcbn07_bwph240l11p57pd_pm_svt_c181016.v;tcbn07_bwph240l8p57pd_base_lvt_c181016.v;tcbn07_bwph240l8p57pd_base_svt_c181016.v;tcbn07_bwph240l8p57pd_syn_lvt_c181015.v)
-E- main::test_for_module_redefinitions: Cell has multiple definitions: cell->(tsmc_dff_mb) v_files->(tcbn07_bwph240l11p57pd_mb_lvt_c181016.v;tcbn07_bwph240l11p57pd_mb_svt_c181016.v;tcbn07_bwph240l8p57pd_mb_lvt_c181016.v;tcbn07_bwph240l8p57pd_mb_svt_c181016.v)
-E- main::test_for_module_redefinitions: Cell has multiple definitions: cell->(tsmc_dff_set) v_files->(tcbn07_bwph240l11p57pd_pm_lvt_c181016.v;tcbn07_bwph240l11p57pd_pm_svt_c181016.v)
-E- main::test_for_module_redefinitions: Cell has multiple definitions: cell->(tsmc_dla) v_files->(tcbn07_bwpfb1h480l11p57pd_base_lvt_c181015.v;tcbn07_bwpfb1h480l11p57pd_base_lvt_c191206.v;tcbn07_bwpfb1h480l11p57pd_base_svt_c181015.v;tcbn07_bwpfb1h480l11p57pd_base_svt_c191206.v;tcbn07_bwpfb1h480l8p57pd_base_lvt_c181015.v;tcbn07_bwpfb1h480l8p57pd_base_lvt_c191206.v;tcbn07_bwpfb1h480l8p57pd_base_svt_c181015.v;tcbn07_bwpfb1h480l8p57pd_base_svt_c191206.v;tcbn07_bwph240l11p57pd_base_lvt_c181016.v;tcbn07_bwph240l11p57pd_base_svt_c181016.v;tcbn07_bwph240l11p57pd_pm_lvt_c181015.v;tcbn07_bwph240l11p57pd_pm_lvt_c181016.v;tcbn07_bwph240l11p57pd_pm_svt_c181015.v;tcbn07_bwph240l11p57pd_pm_svt_c181016.v;tcbn07_bwph240l8p57pd_base_lvt_c181016.v;tcbn07_bwph240l8p57pd_base_svt_c181016.v;tcbn07_bwph240l8p57pd_pm_lvt_c181015.v;tcbn07_bwph240l8p57pd_pm_svt_c181015.v)
-E- main::test_for_module_redefinitions: Cell has multiple definitions: cell->(tsmc_mux) v_files->(tcbn07_bwpfb1h480l11p57pd_base_lvt_c181015.v;tcbn07_bwpfb1h480l11p57pd_base_lvt_c191206.v;tcbn07_bwpfb1h480l11p57pd_base_svt_c181015.v;tcbn07_bwpfb1h480l11p57pd_base_svt_c191206.v;tcbn07_bwpfb1h480l8p57pd_base_lvt_c181015.v;tcbn07_bwpfb1h480l8p57pd_base_lvt_c191206.v;tcbn07_bwpfb1h480l8p57pd_base_svt_c181015.v;tcbn07_bwpfb1h480l8p57pd_base_svt_c191206.v;tcbn07_bwph240l11p57pd_base_lvt_c181016.v;tcbn07_bwph240l11p57pd_base_svt_c181016.v;tcbn07_bwph240l11p57pd_mb_lvt_c181016.v;tcbn07_bwph240l11p57pd_mb_svt_c181016.v;tcbn07_bwph240l11p57pd_pm_lvt_c181016.v;tcbn07_bwph240l11p57pd_pm_svt_c181016.v;tcbn07_bwph240l8p57pd_base_lvt_c181016.v;tcbn07_bwph240l8p57pd_base_svt_c181016.v;tcbn07_bwph240l8p57pd_mb_lvt_c181016.v;tcbn07_bwph240l8p57pd_mb_svt_c181016.v;tcbn07_bwph240l8p57pd_syn_lvt_c181015.v)
-E- main::test_for_module_redefinitions: Cell has multiple definitions: cell->(tsmc_xbuf) v_files->(tcbn07_bwpfb1h480l11p57pd_base_lvt_c181015.v;tcbn07_bwpfb1h480l11p57pd_base_lvt_c191206.v;tcbn07_bwpfb1h480l11p57pd_base_svt_c181015.v;tcbn07_bwpfb1h480l11p57pd_base_svt_c191206.v;tcbn07_bwpfb1h480l8p57pd_base_lvt_c181015.v;tcbn07_bwpfb1h480l8p57pd_base_lvt_c191206.v;tcbn07_bwpfb1h480l8p57pd_base_svt_c181015.v;tcbn07_bwpfb1h480l8p57pd_base_svt_c191206.v;tcbn07_bwph240l11p57pd_base_lvt_c181016.v;tcbn07_bwph240l11p57pd_base_svt_c181016.v;tcbn07_bwph240l11p57pd_mb_lvt_c181016.v;tcbn07_bwph240l11p57pd_mb_svt_c181016.v;tcbn07_bwph240l11p57pd_pm_lvt_c181015.v;tcbn07_bwph240l11p57pd_pm_lvt_c181016.v;tcbn07_bwph240l11p57pd_pm_svt_c181015.v;tcbn07_bwph240l11p57pd_pm_svt_c181016.v;tcbn07_bwph240l8p57pd_base_lvt_c181016.v;tcbn07_bwph240l8p57pd_base_svt_c181016.v;tcbn07_bwph240l8p57pd_mb_lvt_c181016.v;tcbn07_bwph240l8p57pd_mb_svt_c181016.v;tcbn07_bwph240l8p57pd_pm_lvt_c181015.v;tcbn07_bwph240l8p57pd_pm_svt_c181015.v;tcbn07_bwph240l8p57pd_syn_lvt_c181015.v)
-I- main::test_for_module_redefinitions: Test results: test->(test_for_redefinitions) errors->(6)
-I- main::test_for_unresolvable_stdcell_references: Test results: test->(test_for_unresolvable_stdcell_references) errors->(0)
-E- main::test_for_unresolvable_ctech_references: Unresolvable ctech instance master: ctech_module->(ctech_lib_clk_delay_rst.dir2) instance_master->(clkout) dir->(/p/hdk/cad/ctech/n7/ctech_exp_c4v20ww12e_hdk161_mtls_sip_sbx/source/n7/h240/lvt8)
-E- main::test_for_unresolvable_ctech_references: Unresolvable ctech instance master: ctech_module->(ctech_lib_clk_delay_rst.dir2) instance_master->(always_ff) dir->(/p/hdk/cad/ctech/n7/ctech_exp_c4v20ww12e_hdk161_mtls_sip_sbx/source/n7/h240/lvt8)
-E- main::test_for_unresolvable_ctech_references: Unresolvable ctech instance master: ctech_module->(ctech_lib_clk_delay_rst.dir4) instance_master->(always_ff) dir->(/p/hdk/cad/ctech/n7/ctech_exp_c4v20ww12e_hdk161_mtls_sip_sbx/source/n7/h240/svt8)
-E- main::test_for_unresolvable_ctech_references: Unresolvable ctech instance master: ctech_module->(ctech_lib_clk_delay_rst.dir4) instance_master->(clkout) dir->(/p/hdk/cad/ctech/n7/ctech_exp_c4v20ww12e_hdk161_mtls_sip_sbx/source/n7/h240/svt8)
-E- main::test_for_unresolvable_ctech_references: Unresolvable ctech instance master: ctech_module->(ctech_lib_flop_hard.dir2) instance_master->(always_ff) dir->(/p/hdk/cad/ctech/n7/ctech_exp_c4v20ww12e_hdk161_mtls_sip_sbx/source/n7/h240/lvt8)
-E- main::test_for_unresolvable_ctech_references: Unresolvable ctech instance master: ctech_module->(ctech_lib_flop_hard.dir4) instance_master->(always_ff) dir->(/p/hdk/cad/ctech/n7/ctech_exp_c4v20ww12e_hdk161_mtls_sip_sbx/source/n7/h240/svt8)
-E- main::test_for_unresolvable_ctech_references: Unresolvable ctech instance master: ctech_module->(ctech_lib_msff_async_rst_meta.dir2) instance_master->(always_ff) dir->(/p/hdk/cad/ctech/n7/ctech_exp_c4v20ww12e_hdk161_mtls_sip_sbx/source/n7/h240/lvt8)
-E- main::test_for_unresolvable_ctech_references: Unresolvable ctech instance master: ctech_module->(ctech_lib_msff_async_rst_meta.dir4) instance_master->(always_ff) dir->(/p/hdk/cad/ctech/n7/ctech_exp_c4v20ww12e_hdk161_mtls_sip_sbx/source/n7/h240/svt8)
-E- main::test_for_unresolvable_ctech_references: Unresolvable ctech instance master: ctech_module->(ctech_lib_msff_async_rst_meta1.dir2) instance_master->(always_ff) dir->(/p/hdk/cad/ctech/n7/ctech_exp_c4v20ww12e_hdk161_mtls_sip_sbx/source/n7/h240/lvt8)
-E- main::test_for_unresolvable_ctech_references: Unresolvable ctech instance master: ctech_module->(ctech_lib_msff_async_rst_meta1.dir4) instance_master->(always_ff) dir->(/p/hdk/cad/ctech/n7/ctech_exp_c4v20ww12e_hdk161_mtls_sip_sbx/source/n7/h240/svt8)
-E- main::test_for_unresolvable_ctech_references: Unresolvable ctech instance master: ctech_module->(ctech_lib_msff_async_set_meta.dir2) instance_master->(always_ff) dir->(/p/hdk/cad/ctech/n7/ctech_exp_c4v20ww12e_hdk161_mtls_sip_sbx/source/n7/h240/lvt8)
-E- main::test_for_unresolvable_ctech_references: Unresolvable ctech instance master: ctech_module->(ctech_lib_msff_async_set_meta.dir4) instance_master->(always_ff) dir->(/p/hdk/cad/ctech/n7/ctech_exp_c4v20ww12e_hdk161_mtls_sip_sbx/source/n7/h240/svt8)
-E- main::test_for_unresolvable_ctech_references: Unresolvable ctech instance master: ctech_module->(ctech_lib_msff_meta.dir2) instance_master->(always_ff) dir->(/p/hdk/cad/ctech/n7/ctech_exp_c4v20ww12e_hdk161_mtls_sip_sbx/source/n7/h240/lvt8)
-E- main::test_for_unresolvable_ctech_references: Unresolvable ctech instance master: ctech_module->(ctech_lib_msff_meta.dir4) instance_master->(always_ff) dir->(/p/hdk/cad/ctech/n7/ctech_exp_c4v20ww12e_hdk161_mtls_sip_sbx/source/n7/h240/svt8)
-I- main::test_for_unresolvable_ctech_references: Test results: test->(test_for_unresolvable_ctech_references) errors->(14)
-I- main::write_xlsx: Excel workbook created: n7.h240.check_stdcell_verilog.xlsx
-I- main::write_xlsx: Data written to xlsx: worksheet->(stdcells) rowcount->(5090)
-I- main::write_xlsx: Data written to xlsx: worksheet->(ctech) rowcount->(188)
-I- main::write_xlsx: Data written to xlsx: worksheet->(referenced libraries) rowcount->(3)
-I- main::write_xlsx: Data written to xlsx: worksheet->(error) rowcount->(14) errorcount->(14)
-I- check_stdcell_verilog.pl: Finish date: (Wed Nov 10 19:34:33 2021)
-I- check_stdcell_verilog.pl: Elapsed time:  0 days,  0 hours,  0 minutes,  1 seconds
-I- check_stdcell_verilog.pl: check_stdcell_verilog.pl run complete
